Starting AzzeroC02 [2011-06-23 11:14:14]
===============================================================================

  JBoss Bootstrap Environment

  JBOSS_HOME: C:\jboss-4.2.3.GA

  JAVA: C:\Program Files\Java\jdk1.6.0_26\bin\java

  JAVA_OPTS: -Xrs -Dprogram.name=run.bat -server -Xms128m -Xmx512m -Dsun.rmi.dgc.client.gcInterval=3600000 -Dsun.rmi.dgc.server.gcInterval=3600000

  CLASSPATH: C:\Program Files\Java\jdk1.6.0_26\lib\tools.jar;C:\jboss-4.2.3.GA\bin\run.jar

===============================================================================

11:14:16,765 INFO  [Server] Starting JBoss (MX MicroKernel)...
11:14:16,781 INFO  [Server] Release ID: JBoss [Trinity] 4.2.3.GA (build: SVNTag=JBoss_4_2_3_GA date=200807181439)
11:14:16,781 INFO  [Server] Home Dir: C:\jboss-4.2.3.GA
11:14:16,781 INFO  [Server] Home URL: file:/C:/jboss-4.2.3.GA/
11:14:16,781 INFO  [Server] Patch URL: null
11:14:16,781 INFO  [Server] Server Name: default
11:14:16,781 INFO  [Server] Server Home Dir: C:\jboss-4.2.3.GA\server\default
11:14:16,781 INFO  [Server] Server Home URL: file:/C:/jboss-4.2.3.GA/server/default/
11:14:16,781 INFO  [Server] Server Log Dir: C:\jboss-4.2.3.GA\server\default\log
11:14:16,781 INFO  [Server] Server Temp Dir: C:\jboss-4.2.3.GA\server\default\tmp
11:14:16,781 INFO  [Server] Root Deployment Filename: jboss-service.xml
11:14:17,531 INFO  [ServerInfo] Java version: 1.6.0_26,Sun Microsystems Inc.
11:14:17,531 INFO  [ServerInfo] Java VM: Java HotSpot(TM) 64-Bit Server VM 20.1-b02,Sun Microsystems Inc.
11:14:17,531 INFO  [ServerInfo] OS-System: Windows 2003 5.2,amd64
11:14:19,671 INFO  [Server] Core system initialized
11:14:22,343 INFO  [ServiceBindingManager] Initializing store
11:14:22,343 INFO  [ServiceBindingManager] Using StoreURL: file:/C:/jboss-4.2.3.GA/bindings.xml
11:14:24,046 INFO  [WebService] Using RMI server codebase: http://WIN16197:8183/
11:14:24,046 INFO  [Log4jService$URLWatchTimerTask] Configuring from URL: resource:jboss-log4j.xml
11:14:25,078 INFO  [TransactionManagerService] JBossTS Transaction Service (JTA version) - JBoss Inc.
11:14:25,078 INFO  [TransactionManagerService] Setting up property manager MBean and JMX layer
11:14:25,296 INFO  [TransactionManagerService] Starting recovery manager
11:14:25,390 INFO  [TransactionManagerService] Recovery manager started
11:14:25,390 INFO  [TransactionManagerService] Binding TransactionManager JNDI Reference
11:14:29,578 INFO  [EJB3Deployer] Starting java:comp multiplexer
11:14:32,953 INFO  [NativeServerConfig] JBoss Web Services - Native
11:14:32,953 INFO  [NativeServerConfig] jbossws-3.0.1-native-2.0.4.GA (build=200803312044)
11:14:34,375 INFO  [Embedded] Catalina naming disabled
11:14:34,640 INFO  [AprLifecycleListener] The Apache Tomcat Native library which allows optimal performance in production environments was not found on the java.library.path: C:\Program Files\Java\jdk1.6.0_26\bin;C:\WINDOWS\Sun\Java\bin;C:\WINDOWS\system32;C:\WINDOWS;C:\SWSoft\Plesk\Additional\Python\;C:\SWSoft\Plesk\ADDITI~1\Perl\bin\;C:\SWSoft\Plesk\Mail Servers\Mail Enable\BIN;C:\SWSoft\Plesk\ADDITI~1\Perl\bin;C:\WINDOWS\system32;C:\WINDOWS;C:\WINDOWS\System32\Wbem;C:\Program Files (x86)\Microsoft SQL Server\80\Tools\Binn\;C:\azzeroco2\MySQL\MySQL Server 5.5\bin;.
11:14:34,734 INFO  [Http11Protocol] Initializing Coyote HTTP/1.1 on http-0.0.0.0-8180
11:14:35,546 INFO  [Http11Protocol] Initializing Coyote HTTP/1.1 on http-8543
11:14:35,546 INFO  [AjpProtocol] Initializing Coyote AJP/1.3 on ajp-0.0.0.0-8109
11:14:35,546 INFO  [Catalina] Initialization processed in 1186 ms
11:14:35,546 INFO  [StandardService] Starting service jboss.web
11:14:35,562 INFO  [StandardEngine] Starting Servlet Engine: JBossWeb/2.0.1.GA
11:14:35,609 INFO  [Catalina] Server startup in 48 ms
11:14:35,828 INFO  [TomcatDeployer] deploy, ctxPath=/, warUrl=.../deploy/jboss-web.deployer/ROOT.war/
11:14:36,640 INFO  [TomcatDeployer] deploy, ctxPath=/invoker, warUrl=.../deploy/http-invoker.sar/invoker.war/
11:14:36,890 INFO  [TomcatDeployer] deploy, ctxPath=/jbossws, warUrl=.../deploy/jbossws.sar/jbossws-context.war/
11:14:37,109 INFO  [TomcatDeployer] deploy, ctxPath=/jbossmq-httpil, warUrl=.../deploy/jms/jbossmq-httpil.sar/jbossmq-httpil.war/
11:14:38,296 INFO  [TomcatDeployer] deploy, ctxPath=/web-console, warUrl=.../deploy/management/console-mgr.sar/web-console.war/
11:14:39,250 INFO  [MailService] Mail Service bound to java:/Mail
11:14:39,390 INFO  [SystemPropertiesService] Loaded system properties from: file:/C:/jboss-4.2.3.GA/server/default/conf/azzeroCO2.properties
11:14:39,625 INFO  [RARDeployment] Required license terms exist, view META-INF/ra.xml in .../deploy/jboss-ha-local-jdbc.rar
11:14:39,671 INFO  [RARDeployment] Required license terms exist, view META-INF/ra.xml in .../deploy/jboss-ha-xa-jdbc.rar
11:14:39,734 INFO  [RARDeployment] Required license terms exist, view META-INF/ra.xml in .../deploy/jboss-local-jdbc.rar
11:14:39,781 INFO  [RARDeployment] Required license terms exist, view META-INF/ra.xml in .../deploy/jboss-xa-jdbc.rar
11:14:39,875 INFO  [RARDeployment] Required license terms exist, view META-INF/ra.xml in .../deploy/jms/jms-ra.rar
11:14:39,921 INFO  [RARDeployment] Required license terms exist, view META-INF/ra.xml in .../deploy/mail-ra.rar
11:14:39,984 INFO  [RARDeployment] Required license terms exist, view META-INF/ra.xml in .../deploy/quartz-ra.rar
11:14:40,000 INFO  [QuartzResourceAdapter] start quartz!!!
11:14:40,078 INFO  [SimpleThreadPool] Job execution threads will use class loader of thread: main
11:14:40,093 INFO  [QuartzScheduler] Quartz Scheduler v.1.5.2 created.
11:14:40,093 INFO  [RAMJobStore] RAMJobStore initialized.
11:14:40,093 INFO  [StdSchedulerFactory] Quartz scheduler 'DefaultQuartzScheduler' initialized from default resource file in Quartz package: 'quartz.properties'
11:14:40,093 INFO  [StdSchedulerFactory] Quartz scheduler version: 1.5.2
11:14:40,093 INFO  [QuartzScheduler] Scheduler DefaultQuartzScheduler_$_NON_CLUSTERED started.
11:14:40,328 INFO  [ConnectionFactoryBindingService] Bound ConnectionManager 'jboss.jca:service=DataSourceBinding,name=AzzeroCO2-DS' to JNDI name 'java:AzzeroCO2-DS'
11:14:41,593 INFO  [ConnectionFactoryBindingService] Bound ConnectionManager 'jboss.jca:service=DataSourceBinding,name=DefaultDS' to JNDI name 'java:DefaultDS'
11:14:42,156 INFO  [A] Bound to JNDI name: queue/A
11:14:42,156 INFO  [B] Bound to JNDI name: queue/B
11:14:42,156 INFO  [C] Bound to JNDI name: queue/C
11:14:42,156 INFO  [D] Bound to JNDI name: queue/D
11:14:42,156 INFO  [ex] Bound to JNDI name: queue/ex
11:14:42,203 INFO  [testTopic] Bound to JNDI name: topic/testTopic
11:14:42,203 INFO  [securedTopic] Bound to JNDI name: topic/securedTopic
11:14:42,218 INFO  [testDurableTopic] Bound to JNDI name: topic/testDurableTopic
11:14:42,218 INFO  [testQueue] Bound to JNDI name: queue/testQueue
11:14:42,359 INFO  [UILServerILService] JBossMQ UIL service available at : /0.0.0.0:8193
11:14:42,390 INFO  [DLQ] Bound to JNDI name: queue/DLQ
11:14:42,515 INFO  [ConnectionFactoryBindingService] Bound ConnectionManager 'jboss.jca:service=ConnectionFactoryBinding,name=JmsXA' to JNDI name 'java:JmsXA'
11:14:58,765 INFO  [TomcatDeployer] deploy, ctxPath=/azzeroCO2, warUrl=.../tmp/deploy/tmp2161552274304701985azzeroCO2-war-1.0-SNAPSHOT-exp.war/
11:14:59,015 INFO  [WebappClassLoader] validateJarFile(C:\jboss-4.2.3.GA\server\default\.\tmp\deploy\tmp2161552274304701985azzeroCO2-war-1.0-SNAPSHOT-exp.war\WEB-INF\lib\servlet-api-2.3.jar) - jar not loaded. See Servlet Spec 2.3, section 9.7.2. Offending class: javax/servlet/Servlet.class
11:14:59,656 INFO  [[/azzeroCO2]] Initializing Spring root WebApplicationContext
11:14:59,656 INFO  [STDOUT]  INFO [main] (ContextLoader.java187) - Root WebApplicationContext: initialization started
11:14:59,796 INFO  [STDOUT]  INFO [main] (AbstractApplicationContext.java456) - Refreshing Root WebApplicationContext: startup date [Thu Jun 23 11:14:59 CEST 2011]; root of context hierarchy
11:14:59,968 INFO  [STDOUT]  INFO [main] (XmlBeanDefinitionReader.java315) - Loading XML bean definitions from ServletContext resource [/WEB-INF/applicationContext.xml]
11:15:00,734 INFO  [STDOUT]  INFO [main] (XmlBeanDefinitionReader.java315) - Loading XML bean definitions from class path resource [it/agilis/mens/azzeroCO2/core/dao/MySql-hibernate-context.xml]
11:15:00,765 INFO  [STDOUT]  INFO [main] (XmlBeanDefinitionReader.java315) - Loading XML bean definitions from class path resource [it/agilis/mens/azzeroCO2/core/dao/context.xml]
11:15:01,359 INFO  [STDOUT]  INFO [main] (DefaultListableBeanFactory.java555) - Pre-instantiating singletons in org.springframework.beans.factory.support.DefaultListableBeanFactory@3e47f26: defining beans [propertyConfigurer,org.springframework.context.annotation.internalConfigurationAnnotationProcessor,org.springframework.context.annotation.internalAutowiredAnnotationProcessor,org.springframework.context.annotation.internalRequiredAnnotationProcessor,org.springframework.context.annotation.internalCommonAnnotationProcessor,org.springframework.context.annotation.internalPersistenceAnnotationProcessor,org.springframework.beans.factory.config.PropertyPlaceholderConfigurer#0,org.springframework.aop.config.internalAutoProxyCreator,org.springframework.transaction.annotation.AnnotationTransactionAttributeSource#0,org.springframework.transaction.interceptor.TransactionInterceptor#0,org.springframework.transaction.config.internalTransactionAdvisor,dataSourceJndi,dataSourceHSQL,sessionFactory,txManager,userInfoDAO,azzeroCO2Register]; root of factory hierarchy
11:15:01,656 INFO  [STDOUT]  INFO [main] (Version.java43) - Hibernate Annotations 3.5.6-Final
11:15:01,687 INFO  [STDOUT]  INFO [main] (Environment.java570) - Hibernate 3.5.6-Final
11:15:01,703 INFO  [STDOUT]  INFO [main] (Environment.java603) - hibernate.properties not found
11:15:01,718 INFO  [STDOUT]  INFO [main] (Environment.java781) - Bytecode provider name : javassist
11:15:01,734 INFO  [STDOUT]  INFO [main] (Environment.java662) - using JDK 1.4 java.sql.Timestamp handling
11:15:02,125 INFO  [STDOUT]  INFO [main] (Version.java37) - Hibernate Commons Annotations 3.2.0.Final
11:15:02,250 INFO  [STDOUT]  INFO [main] (AnnotationBinder.java529) - Binding entity from annotated class: it.agilis.mens.azzeroCO2.core.entity.UserInfo
11:15:02,359 INFO  [STDOUT]  INFO [main] (EntityBinder.java501) - Bind entity it.agilis.mens.azzeroCO2.core.entity.UserInfo on table UserInfo
11:15:02,562 INFO  [STDOUT]  INFO [main] (AnnotationBinder.java529) - Binding entity from annotated class: it.agilis.mens.azzeroCO2.core.entity.Preventivo
11:15:02,562 INFO  [STDOUT]  INFO [main] (EntityBinder.java501) - Bind entity it.agilis.mens.azzeroCO2.core.entity.Preventivo on table Preventivo
11:15:02,578 INFO  [STDOUT]  INFO [main] (AnnotationBinder.java529) - Binding entity from annotated class: it.agilis.mens.azzeroCO2.core.entity.Calcolo
11:15:02,578 INFO  [STDOUT]  INFO [main] (EntityBinder.java501) - Bind entity it.agilis.mens.azzeroCO2.core.entity.Calcolo on table Calcolo
11:15:02,578 INFO  [STDOUT]  INFO [main] (AnnotationBinder.java529) - Binding entity from annotated class: it.agilis.mens.azzeroCO2.core.entity.TipoDiCalcolo
11:15:02,578 INFO  [STDOUT]  INFO [main] (EntityBinder.java501) - Bind entity it.agilis.mens.azzeroCO2.core.entity.TipoDiCalcolo on table TipoDiCalcolo
11:15:02,750 INFO  [STDOUT]  INFO [main] (Version.java17) - Hibernate Validator 3.1.0.GA
11:15:02,796 INFO  [STDOUT]  INFO [main] (LocalSessionFactoryBean.java777) - Building new Hibernate SessionFactory
11:15:02,812 INFO  [STDOUT]  INFO [main] (HibernateSearchEventListenerRegister.java75) - Unable to find org.hibernate.search.event.FullTextIndexEventListener on the classpath. Hibernate Search is not enabled.
11:15:02,828 INFO  [STDOUT]  INFO [main] (ConnectionProviderFactory.java173) - Initializing connection provider: org.springframework.orm.hibernate3.LocalDataSourceConnectionProvider
11:15:03,218 INFO  [STDOUT]  INFO [main] (SettingsFactory.java117) - RDBMS: MySQL, version: 5.5.13
11:15:03,234 INFO  [STDOUT]  INFO [main] (SettingsFactory.java118) - JDBC driver: MySQL-AB JDBC Driver, version: mysql-connector-java-5.1.16 ( Revision: ${bzr.revision-id} )
11:15:03,328 INFO  [STDOUT]  INFO [main] (Dialect.java206) - Using dialect: org.hibernate.dialect.MySQL5Dialect
11:15:03,359 INFO  [STDOUT]  INFO [main] (TransactionFactoryFactory.java62) - Transaction strategy: org.springframework.orm.hibernate3.SpringTransactionFactory
11:15:03,359 INFO  [STDOUT]  INFO [main] (TransactionManagerLookupFactory.java80) - No TransactionManagerLookup configured (in JTA environment, use of read-write or transactional second-level cache is not recommended)
11:15:03,359 INFO  [STDOUT]  INFO [main] (SettingsFactory.java169) - Automatic flush during beforeCompletion(): disabled
11:15:03,359 INFO  [STDOUT]  INFO [main] (SettingsFactory.java173) - Automatic session close at end of transaction: disabled
11:15:03,375 INFO  [STDOUT]  INFO [main] (SettingsFactory.java180) - JDBC batch size: 15
11:15:03,375 INFO  [STDOUT]  INFO [main] (SettingsFactory.java183) - JDBC batch updates for versioned data: disabled
11:15:03,375 INFO  [STDOUT]  INFO [main] (SettingsFactory.java188) - Scrollable result sets: enabled
11:15:03,375 INFO  [STDOUT]  INFO [main] (SettingsFactory.java196) - JDBC3 getGeneratedKeys(): enabled
11:15:03,375 INFO  [STDOUT]  INFO [main] (SettingsFactory.java204) - Connection release mode: auto
11:15:03,375 INFO  [STDOUT]  INFO [main] (SettingsFactory.java222) - Default schema: azzeroco2
11:15:03,375 INFO  [STDOUT]  INFO [main] (SettingsFactory.java228) - Maximum outer join fetch depth: 2
11:15:03,375 INFO  [STDOUT]  INFO [main] (SettingsFactory.java231) - Default batch fetch size: 1
11:15:03,375 INFO  [STDOUT]  INFO [main] (SettingsFactory.java235) - Generate SQL with comments: disabled
11:15:03,375 INFO  [STDOUT]  INFO [main] (SettingsFactory.java239) - Order SQL updates by primary key: disabled
11:15:03,375 INFO  [STDOUT]  INFO [main] (SettingsFactory.java243) - Order SQL inserts for batching: disabled
11:15:03,390 INFO  [STDOUT]  INFO [main] (SettingsFactory.java410) - Query translator: org.hibernate.hql.ast.ASTQueryTranslatorFactory
11:15:03,390 INFO  [STDOUT]  INFO [main] (ASTQueryTranslatorFactory.java47) - Using ASTQueryTranslatorFactory
11:15:03,390 INFO  [STDOUT]  INFO [main] (SettingsFactory.java251) - Query language substitutions: {}
11:15:03,390 INFO  [STDOUT]  INFO [main] (SettingsFactory.java256) - JPA-QL strict compliance: disabled
11:15:03,390 INFO  [STDOUT]  INFO [main] (SettingsFactory.java261) - Second-level cache: enabled
11:15:03,390 INFO  [STDOUT]  INFO [main] (SettingsFactory.java265) - Query cache: disabled
11:15:03,390 INFO  [STDOUT]  INFO [main] (SettingsFactory.java395) - Cache region factory : org.hibernate.cache.impl.NoCachingRegionFactory
11:15:03,390 INFO  [STDOUT]  INFO [main] (SettingsFactory.java275) - Optimize cache for minimal puts: disabled
11:15:03,406 INFO  [STDOUT]  INFO [main] (SettingsFactory.java284) - Structured second-level cache entries: disabled
11:15:03,421 INFO  [STDOUT]  INFO [main] (SettingsFactory.java313) - Statistics: enabled
11:15:03,421 INFO  [STDOUT]  INFO [main] (SettingsFactory.java317) - Deleted entity synthetic identifier rollback: disabled
11:15:03,421 INFO  [STDOUT]  INFO [main] (SettingsFactory.java332) - Default entity-mode: pojo
11:15:03,421 INFO  [STDOUT]  INFO [main] (SettingsFactory.java336) - Named query checking : enabled
11:15:03,421 INFO  [STDOUT]  INFO [main] (SettingsFactory.java340) - Check Nullability in Core (should be disabled when Bean Validation is on): enabled
11:15:03,687 INFO  [STDOUT]  INFO [main] (SessionFactoryImpl.java199) - building session factory
11:15:04,171 INFO  [STDOUT]  INFO [main] (SessionFactoryObjectFactory.java105) - Not binding factory to JNDI, no JNDI name configured
11:15:04,187 INFO  [STDOUT]  INFO [main] (SchemaUpdate.java155) - Running hbm2ddl schema update
11:15:04,187 INFO  [STDOUT]  INFO [main] (SchemaUpdate.java167) - fetching database metadata
11:15:04,187 INFO  [STDOUT]  INFO [main] (SchemaUpdate.java179) - updating schema
11:15:04,328 INFO  [STDOUT]  INFO [main] (TableMetadata.java65) - table found: azzeroco2.calcolo
11:15:04,328 INFO  [STDOUT]  INFO [main] (TableMetadata.java66) - columns: [tipodicalcolo_id, id, preventivo_id]
11:15:04,328 INFO  [STDOUT]  INFO [main] (TableMetadata.java68) - foreign keys: [fk83e82f9da00d8418, fk83e82f9db23a9b9c]
11:15:04,328 INFO  [STDOUT]  INFO [main] (TableMetadata.java69) - indexes: [fk83e82f9da00d8418, primary, fk83e82f9db23a9b9c]
11:15:04,359 INFO  [STDOUT]  INFO [main] (TableMetadata.java65) - table found: azzeroco2.preventivo
11:15:04,359 INFO  [STDOUT]  INFO [main] (TableMetadata.java66) - columns: [id, userinfo_id]
11:15:04,375 INFO  [STDOUT]  INFO [main] (TableMetadata.java68) - foreign keys: [fk6e00b02a262bed58]
11:15:04,375 INFO  [STDOUT]  INFO [main] (TableMetadata.java69) - indexes: [primary, fk6e00b02a262bed58]
11:15:04,406 INFO  [STDOUT]  INFO [main] (TableMetadata.java65) - table found: azzeroco2.preventivo_calcolo
11:15:04,406 INFO  [STDOUT]  INFO [main] (TableMetadata.java66) - columns: [calcoli_id, preventivo_id]
11:15:04,406 INFO  [STDOUT]  INFO [main] (TableMetadata.java68) - foreign keys: [fkde02bc88a00d8418, fkde02bc88b359f082]
11:15:04,406 INFO  [STDOUT]  INFO [main] (TableMetadata.java69) - indexes: [fkde02bc88a00d8418, fkde02bc88b359f082, calcoli_id]
11:15:04,421 INFO  [STDOUT]  INFO [main] (TableMetadata.java65) - table found: azzeroco2.tipodicalcolo
11:15:04,421 INFO  [STDOUT]  INFO [main] (TableMetadata.java66) - columns: [id]
11:15:04,421 INFO  [STDOUT]  INFO [main] (TableMetadata.java68) - foreign keys: []
11:15:04,421 INFO  [STDOUT]  INFO [main] (TableMetadata.java69) - indexes: [primary]
11:15:04,453 INFO  [STDOUT]  INFO [main] (TableMetadata.java65) - table found: azzeroco2.tipodicalcolo_calcolo
11:15:04,453 INFO  [STDOUT]  INFO [main] (TableMetadata.java66) - columns: [tipodicalcolo_id, calcoli_id]
11:15:04,453 INFO  [STDOUT]  INFO [main] (TableMetadata.java68) - foreign keys: [fkf6095ce2b359f082, fkf6095ce2b23a9b9c]
11:15:04,453 INFO  [STDOUT]  INFO [main] (TableMetadata.java69) - indexes: [fkf6095ce2b359f082, fkf6095ce2b23a9b9c, calcoli_id]
11:15:04,468 INFO  [STDOUT]  INFO [main] (TableMetadata.java65) - table found: azzeroco2.userinfo
11:15:04,468 INFO  [STDOUT]  INFO [main] (TableMetadata.java66) - columns: [id, username, password, profile]
11:15:04,468 INFO  [STDOUT]  INFO [main] (TableMetadata.java68) - foreign keys: []
11:15:04,468 INFO  [STDOUT]  INFO [main] (TableMetadata.java69) - indexes: [primary]
11:15:04,500 INFO  [STDOUT]  INFO [main] (TableMetadata.java65) - table found: azzeroco2.userinfo_preventivo
11:15:04,500 INFO  [STDOUT]  INFO [main] (TableMetadata.java66) - columns: [preventivi_id, userinfo_id]
11:15:04,500 INFO  [STDOUT]  INFO [main] (TableMetadata.java68) - foreign keys: [fk970cacf0a00ac9de, fk970cacf0262bed58]
11:15:04,500 INFO  [STDOUT]  INFO [main] (TableMetadata.java69) - indexes: [fk970cacf0a00ac9de, preventivi_id, fk970cacf0262bed58]
11:15:04,515 INFO  [STDOUT]  INFO [main] (TableMetadata.java65) - table found: azzeroco2.calcolo
11:15:04,515 INFO  [STDOUT]  INFO [main] (TableMetadata.java66) - columns: [tipodicalcolo_id, id, preventivo_id]
11:15:04,515 INFO  [STDOUT]  INFO [main] (TableMetadata.java68) - foreign keys: [fk83e82f9da00d8418, fk83e82f9db23a9b9c]
11:15:04,515 INFO  [STDOUT]  INFO [main] (TableMetadata.java69) - indexes: [fk83e82f9da00d8418, primary, fk83e82f9db23a9b9c]
11:15:04,531 INFO  [STDOUT]  INFO [main] (TableMetadata.java65) - table found: azzeroco2.preventivo
11:15:04,531 INFO  [STDOUT]  INFO [main] (TableMetadata.java66) - columns: [id, userinfo_id]
11:15:04,531 INFO  [STDOUT]  INFO [main] (TableMetadata.java68) - foreign keys: [fk6e00b02a262bed58]
11:15:04,546 INFO  [STDOUT]  INFO [main] (TableMetadata.java69) - indexes: [primary, fk6e00b02a262bed58]
11:15:04,546 INFO  [STDOUT]  INFO [main] (TableMetadata.java65) - table found: azzeroco2.preventivo_calcolo
11:15:04,546 INFO  [STDOUT]  INFO [main] (TableMetadata.java66) - columns: [calcoli_id, preventivo_id]
11:15:04,546 INFO  [STDOUT]  INFO [main] (TableMetadata.java68) - foreign keys: [fkde02bc88a00d8418, fkde02bc88b359f082]
11:15:04,546 INFO  [STDOUT]  INFO [main] (TableMetadata.java69) - indexes: [fkde02bc88a00d8418, fkde02bc88b359f082, calcoli_id]
11:15:04,562 INFO  [STDOUT]  INFO [main] (TableMetadata.java65) - table found: azzeroco2.tipodicalcolo
11:15:04,578 INFO  [STDOUT]  INFO [main] (TableMetadata.java66) - columns: [id]
11:15:04,578 INFO  [STDOUT]  INFO [main] (TableMetadata.java68) - foreign keys: []
11:15:04,578 INFO  [STDOUT]  INFO [main] (TableMetadata.java69) - indexes: [primary]
11:15:04,593 INFO  [STDOUT]  INFO [main] (TableMetadata.java65) - table found: azzeroco2.tipodicalcolo_calcolo
11:15:04,593 INFO  [STDOUT]  INFO [main] (TableMetadata.java66) - columns: [tipodicalcolo_id, calcoli_id]
11:15:04,593 INFO  [STDOUT]  INFO [main] (TableMetadata.java68) - foreign keys: [fkf6095ce2b359f082, fkf6095ce2b23a9b9c]
11:15:04,593 INFO  [STDOUT]  INFO [main] (TableMetadata.java69) - indexes: [fkf6095ce2b359f082, fkf6095ce2b23a9b9c, calcoli_id]
11:15:04,609 INFO  [STDOUT]  INFO [main] (TableMetadata.java65) - table found: azzeroco2.userinfo
11:15:04,609 INFO  [STDOUT]  INFO [main] (TableMetadata.java66) - columns: [id, username, password, profile]
11:15:04,609 INFO  [STDOUT]  INFO [main] (TableMetadata.java68) - foreign keys: []
11:15:04,609 INFO  [STDOUT]  INFO [main] (TableMetadata.java69) - indexes: [primary]
11:15:04,625 INFO  [STDOUT]  INFO [main] (TableMetadata.java65) - table found: azzeroco2.userinfo_preventivo
11:15:04,625 INFO  [STDOUT]  INFO [main] (TableMetadata.java66) - columns: [preventivi_id, userinfo_id]
11:15:04,625 INFO  [STDOUT]  INFO [main] (TableMetadata.java68) - foreign keys: [fk970cacf0a00ac9de, fk970cacf0262bed58]
11:15:04,625 INFO  [STDOUT]  INFO [main] (TableMetadata.java69) - indexes: [fk970cacf0a00ac9de, preventivi_id, fk970cacf0262bed58]
11:15:04,625 INFO  [STDOUT]  INFO [main] (SchemaUpdate.java217) - schema update complete
11:15:04,734 INFO  [STDOUT]  INFO [main] (HibernateTransactionManager.java415) - Using DataSource [org.jboss.resource.adapter.jdbc.WrapperDataSource@7ac5ca74] of Hibernate SessionFactory for HibernateTransactionManager
11:15:04,781 INFO  [STDOUT]  INFO [main] (ContextLoader.java214) - Root WebApplicationContext: initialization completed in 5109 ms
11:15:04,921 INFO  [TomcatDeployer] deploy, ctxPath=/jmx-console, warUrl=.../deploy/jmx-console.war/
11:15:05,250 INFO  [Http11Protocol] Starting Coyote HTTP/1.1 on http-0.0.0.0-8180
11:15:05,265 INFO  [Http11Protocol] Starting Coyote HTTP/1.1 on http-8543
11:15:05,296 INFO  [AjpProtocol] Starting Coyote AJP/1.3 on ajp-0.0.0.0-8109
11:15:05,328 INFO  [Server] JBoss (MX MicroKernel) [4.2.3.GA (build: SVNTag=JBoss_4_2_3_GA date=200807181439)] Started in 48s:547ms
Shutdown AzzeroC02 service [2011-06-23 11:31:32]
