Shutting down AzzeroC02 [2011-11-26 22:40:20]
Exception in thread "main" javax.naming.CommunicationException: Could not obtain connection to any of these urls: localhost:2099 [Root exception is javax.naming.CommunicationException: Failed to connect to server localhost:2099 [Root exception is javax.naming.ServiceUnavailableException: Failed to connect to server localhost:2099 [Root exception is java.net.ConnectException: Connection refused: connect]]]
	at org.jnp.interfaces.NamingContext.checkRef(NamingContext.java:1562)
	at org.jnp.interfaces.NamingContext.lookup(NamingContext.java:634)
	at org.jnp.interfaces.NamingContext.lookup(NamingContext.java:627)
	at javax.naming.InitialContext.lookup(InitialContext.java:392)
	at org.jboss.Shutdown.main(Shutdown.java:214)
Caused by: javax.naming.CommunicationException: Failed to connect to server localhost:2099 [Root exception is javax.naming.ServiceUnavailableException: Failed to connect to server localhost:2099 [Root exception is java.net.ConnectException: Connection refused: connect]]
	at org.jnp.interfaces.NamingContext.getServer(NamingContext.java:274)
	at org.jnp.interfaces.NamingContext.checkRef(NamingContext.java:1533)
	... 4 more
Caused by: javax.naming.ServiceUnavailableException: Failed to connect to server localhost:2099 [Root exception is java.net.ConnectException: Connection refused: connect]
	at org.jnp.interfaces.NamingContext.getServer(NamingContext.java:248)
	... 5 more
Caused by: java.net.ConnectException: Connection refused: connect
	at java.net.PlainSocketImpl.socketConnect(Native Method)
	at java.net.PlainSocketImpl.doConnect(PlainSocketImpl.java:351)
	at java.net.PlainSocketImpl.connectToAddress(PlainSocketImpl.java:213)
	at java.net.PlainSocketImpl.connect(PlainSocketImpl.java:200)
	at java.net.SocksSocketImpl.connect(SocksSocketImpl.java:366)
	at java.net.Socket.connect(Socket.java:529)
	at java.net.Socket.connect(Socket.java:478)
	at java.net.Socket.<init>(Socket.java:375)
	at java.net.Socket.<init>(Socket.java:276)
	at org.jnp.interfaces.TimedSocketFactory.createSocket(TimedSocketFactory.java:84)
	at org.jnp.interfaces.TimedSocketFactory.createSocket(TimedSocketFactory.java:77)
	at org.jnp.interfaces.NamingContext.getServer(NamingContext.java:244)
	... 5 more
Shutdown AzzeroC02 service [2011-11-26 22:40:21]
